<?xml version="1.0" encoding="UTF-8"?>
<!-- Generated by org.testng.reporters.JUnitReportReporter -->
<testsuite hostname="DESKTOP-HN7CVRU" failures="0" tests="1" name="apitests.Test35" time="1.633" errors="0" timestamp="2023-04-28T09:22:41 IST" skipped="0">
  <testcase classname="apitests.Test35" name="fileDownload" time="1.633"/>
  <system-out/>
</testsuite> <!-- apitests.Test35 -->
