<?xml version="1.0" encoding="UTF-8"?>
<!-- Generated by org.testng.reporters.JUnitReportReporter -->
<testsuite hostname="DESKTOP-HN7CVRU" failures="0" tests="1" name="apitests.Test44" time="7.328" errors="0" timestamp="2023-05-13T12:46:33 IST" skipped="0">
  <testcase classname="apitests.Test44" name="method" time="7.328"/>
  <system-out/>
</testsuite> <!-- apitests.Test44 -->
