<?xml version="1.0" encoding="UTF-8"?>
<!-- Generated by org.testng.reporters.JUnitReportReporter -->
<testsuite skipped="0" hostname="KALAMSIR-PC" name="apitests.Test26" tests="2" failures="0" timestamp="2023-04-14T08:48:05 IST" time="1.953" errors="0">
  <testcase name="getCurrentTemperature" time="0.135" classname="apitests.Test26"/>
  <system-out>
    <![CDATA[28.0]]>
  </system-out>
  <testcase name="getCurrentTemperature" time="1.818" classname="apitests.Test26"/>
  <system-out>
    <![CDATA[29.2]]>
  </system-out>
</testsuite> <!-- apitests.Test26 -->
