<?xml version="1.0" encoding="UTF-8"?>
<!-- Generated by org.testng.reporters.JUnitReportReporter -->
<testsuite hostname="DESKTOP-HN7CVRU" failures="0" tests="1" name="apitests.Test34" time="4.938" errors="0" timestamp="2023-04-28T08:32:10 IST" skipped="0">
  <testcase classname="apitests.Test34" name="uploadFile" time="4.938"/>
  <system-out/>
</testsuite> <!-- apitests.Test34 -->
