<?xml version="1.0" encoding="UTF-8"?>
<!-- Generated by org.testng.reporters.JUnitReportReporter -->
<testsuite skipped="0" hostname="KALAMSIR-PC" name="apitests.Test24" tests="1" failures="0" timestamp="2023-04-11T08:29:52 IST" time="1.985" errors="0">
  <testcase name="getCurrentTemperature" time="1.985" classname="apitests.Test24"/>
  <system-out>
    <![CDATA[29.9]]>
  </system-out>
</testsuite> <!-- apitests.Test24 -->
