<?xml version="1.0" encoding="UTF-8"?>
<!-- Generated by org.testng.reporters.JUnitReportReporter -->
<testsuite hostname="DESKTOP-HN7CVRU" failures="0" tests="1" name="apitests.Test43" time="1.529" errors="0" timestamp="2023-04-30T12:39:30 IST" skipped="0">
  <testcase classname="apitests.Test43" name="method" time="1.529"/>
  <system-out/>
</testsuite> <!-- apitests.Test43 -->
