<?xml version="1.0" encoding="UTF-8"?>
<!-- Generated by org.testng.reporters.JUnitReportReporter -->
<testsuite skipped="1" hostname="KALAMSIR-PC" name="apitests.Test29" tests="6" failures="0" timestamp="2023-04-15T11:45:36 IST" time="5.180" errors="0">
  <testcase name="createCustomer" time="2.875" classname="apitests.Test29"/>
  <system-out>
    <![CDATA[Successful creation of new customer]]>
  </system-out>
  <testcase name="getCustomer" time="0.447" classname="apitests.Test29"/>
  <system-out>
    <![CDATA[Successful retrieval of new customer]]>
  </system-out>
  <testcase name="updateCustomer" time="0.717" classname="apitests.Test29"/>
  <system-out>
    <![CDATA[Successful updation of new customer]]>
  </system-out>
  <testcase name="getAllCustomeres" time="0.448" classname="apitests.Test29"/>
  <system-out>
    <![CDATA[new customer found in existing customers list]]>
  </system-out>
  <testcase name="deleteCustomer" time="0.693" classname="apitests.Test29"/>
  <system-out>
    <![CDATA[Successful deletion of new customer]]>
  </system-out>
  <testcase name="getSpecificCustomer" classname="apitests.Test29">
    <skipped/>
  </testcase> <!-- getSpecificCustomer -->
  <system-out/>
</testsuite> <!-- apitests.Test29 -->
