<?xml version="1.0" encoding="UTF-8"?>
<!-- Generated by org.testng.reporters.JUnitReportReporter -->
<testsuite hostname="DESKTOP-HN7CVRU" failures="0" tests="1" name="apitests.Test31" time="2.163" errors="0" timestamp="2023-04-21T09:48:53 IST" skipped="0">
  <testcase classname="apitests.Test31" name="getAccessToken" time="2.163"/>
  <system-out/>
</testsuite> <!-- apitests.Test31 -->
