<?xml version="1.0" encoding="UTF-8"?>
<!-- Generated by org.testng.reporters.JUnitReportReporter -->
<testsuite hostname="DESKTOP-HN7CVRU" failures="0" tests="1" name="apitests.Test40" time="1.194" errors="0" timestamp="2023-04-30T10:49:52 IST" skipped="0">
  <testcase classname="apitests.Test40" name="method" time="1.194"/>
  <system-out/>
</testsuite> <!-- apitests.Test40 -->
