<?xml version="1.0" encoding="UTF-8"?>
<!-- Generated by org.testng.reporters.JUnitReportReporter -->
<testsuite skipped="0" hostname="KALAMSIR-PC" name="apitests.Test27" tests="2" failures="0" timestamp="2023-04-14T08:59:22 IST" time="2.271" errors="0">
  <testcase name="getCurrentTemperature" time="1.967" classname="apitests.Test27"/>
  <system-out>
    <![CDATA[29.2]]>
  </system-out>
  <testcase name="getCurrentTemperature" time="0.304" classname="apitests.Test27"/>
  <system-out>
    <![CDATA[22.0]]>
  </system-out>
</testsuite> <!-- apitests.Test27 -->
