<?xml version="1.0" encoding="UTF-8"?>
<!-- Generated by org.testng.reporters.JUnitReportReporter -->
<testsuite hostname="DESKTOP-HN7CVRU" failures="0" tests="3" name="apitests.Test36" time="3.564" errors="0" timestamp="2023-04-29T10:43:15 IST" skipped="2">
  <testcase classname="apitests.Test36" name="loggingToOneFile" time="3.564"/>
  <system-out/>
  <testcase classname="apitests.Test36" name="loggingToConsole">
    <skipped/>
  </testcase> <!-- loggingToConsole -->
  <system-out/>
  <testcase classname="apitests.Test36" name="loggingToFiles">
    <skipped/>
  </testcase> <!-- loggingToFiles -->
  <system-out/>
</testsuite> <!-- apitests.Test36 -->
