<?xml version="1.0" encoding="UTF-8"?>
<!-- Generated by org.testng.reporters.JUnitReportReporter -->
<testsuite hostname="DESKTOP-HN7CVRU" failures="0" tests="1" name="apitests.Test39" time="1.270" errors="0" timestamp="2023-04-30T08:55:46 IST" skipped="0">
  <testcase classname="apitests.Test39" name="method" time="1.270"/>
  <system-out/>
</testsuite> <!-- apitests.Test39 -->
