<?xml version="1.0" encoding="UTF-8"?>
<!-- Generated by org.testng.reporters.JUnitReportReporter -->
<testsuite skipped="0" hostname="KALAMSIR-PC" name="apitests.Test30" tests="5" failures="0" timestamp="2023-04-16T09:32:39 IST" time="6.239" errors="0">
  <testcase name="createRepo" time="3.682" classname="apitests.Test30"/>
  <system-out>
    <![CDATA[Successful creation of new repo]]>
  </system-out>
  <testcase name="getAllRepos" time="0.694" classname="apitests.Test30"/>
  <system-out>
    <![CDATA[newely created repo found in existing repos]]>
  </system-out>
  <testcase name="updateRepo" time="0.753" classname="apitests.Test30"/>
  <system-out>
    <![CDATA[Successful updation of new repo]]>
  </system-out>
  <testcase name="deleteRepo" time="0.674" classname="apitests.Test30"/>
  <system-out>
    <![CDATA[Successful deletion of repo]]>
  </system-out>
  <testcase name="getRepo" time="0.436" classname="apitests.Test30"/>
  <system-out>
    <![CDATA[newely created repo succesfully deleted]]>
  </system-out>
</testsuite> <!-- apitests.Test30 -->
