<?xml version="1.0" encoding="UTF-8"?>
<!-- Generated by org.testng.reporters.JUnitReportReporter -->
<testsuite hostname="DESKTOP-HN7CVRU" failures="0" tests="4" name="apitests.Test32" time="51.247" errors="0" timestamp="2023-04-23T12:11:47 IST" skipped="0">
  <testcase classname="apitests.Test32" name="getMailsWithDifferentParams" time="1.538"/>
  <system-out/>
  <testcase classname="apitests.Test32" name="getSpecificMail" time="47.419"/>
  <system-out/>
  <testcase classname="apitests.Test32" name="deleteSpecificMail" time="1.621"/>
  <system-out/>
  <testcase classname="apitests.Test32" name="sendMailTospecificToAddress" time="0.669"/>
  <system-out/>
</testsuite> <!-- apitests.Test32 -->
