<?xml version="1.0" encoding="UTF-8"?>
<!-- Generated by org.testng.reporters.JUnitReportReporter -->
<testsuite hostname="DESKTOP-HN7CVRU" failures="0" tests="1" name="apitests.Test37" time="3.163" errors="0" timestamp="2023-04-29T12:18:40 IST" skipped="0">
  <testcase classname="apitests.Test37" name="method" time="3.163"/>
  <system-out/>
</testsuite> <!-- apitests.Test37 -->
