<?xml version="1.0" encoding="UTF-8"?>
<!-- Generated by org.testng.reporters.JUnitReportReporter -->
<testsuite hostname="DESKTOP-HN7CVRU" failures="0" tests="1" name="apitests.Test41" time="1.175" errors="0" timestamp="2023-04-30T10:56:37 IST" skipped="0">
  <testcase classname="apitests.Test41" name="method" time="1.175"/>
  <system-out/>
</testsuite> <!-- apitests.Test41 -->
